25-04-23.17:35:50.623 [main            ] INFO  Application            - Starting Application using Java 1.8.0_411 on DESKTOP-BPOGC9G with PID 23208 (D:\xmz\onepiece-backend\onepiece\onepiece-app\target\classes started by Administrator in D:\xmz\onepiece-backend\onepiece)
25-04-23.17:35:50.629 [main            ] INFO  Application            - The following 1 profile is active: "dev"
25-04-23.17:35:52.166 [main            ] INFO  TomcatWebServer        - Tomcat initialized with port(s): 8181 (http)
25-04-23.17:35:52.181 [main            ] INFO  Http11NioProtocol      - Initializing ProtocolHandler ["http-nio-8181"]
25-04-23.17:35:52.182 [main            ] INFO  StandardService        - Starting service [Tomcat]
25-04-23.17:35:52.182 [main            ] INFO  StandardEngine         - Starting Servlet engine: [Apache Tomcat/9.0.68]
25-04-23.17:35:52.391 [main            ] INFO  [/]                    - Initializing Spring embedded WebApplicationContext
25-04-23.17:35:52.391 [main            ] INFO  ServletWebServerApplicationContext - Root WebApplicationContext: initialization completed in 1678 ms
25-04-23.17:35:52.825 [main            ] WARN  AnnotationConfigServletWebServerApplicationContext - Exception encountered during context initialization - cancelling refresh attempt: org.springframework.beans.factory.BeanCreationException: Error creating bean with name 'dataSource' defined in class path resource [org/springframework/boot/autoconfigure/jdbc/DataSourceConfiguration$Hikari.class]: Bean instantiation via factory method failed; nested exception is org.springframework.beans.BeanInstantiationException: Failed to instantiate [com.zaxxer.hikari.HikariDataSource]: Factory method 'dataSource' threw exception; nested exception is java.lang.IllegalStateException: Cannot load driver class: com.mysql.cj.jdbc.Driver
25-04-23.17:35:52.829 [main            ] INFO  StandardService        - Stopping service [Tomcat]
25-04-23.17:35:52.846 [main            ] INFO  ConditionEvaluationReportLoggingListener - 

Error starting ApplicationContext. To display the conditions report re-run your application with 'debug' enabled.
25-04-23.17:35:52.886 [main            ] ERROR SpringApplication      - Application run failed
org.springframework.beans.factory.BeanCreationException: Error creating bean with name 'dataSource' defined in class path resource [org/springframework/boot/autoconfigure/jdbc/DataSourceConfiguration$Hikari.class]: Bean instantiation via factory method failed; nested exception is org.springframework.beans.BeanInstantiationException: Failed to instantiate [com.zaxxer.hikari.HikariDataSource]: Factory method 'dataSource' threw exception; nested exception is java.lang.IllegalStateException: Cannot load driver class: com.mysql.cj.jdbc.Driver
	at org.springframework.beans.factory.support.ConstructorResolver.instantiate(ConstructorResolver.java:658)
	at org.springframework.beans.factory.support.ConstructorResolver.instantiateUsingFactoryMethod(ConstructorResolver.java:638)
	at org.springframework.beans.factory.support.AbstractAutowireCapableBeanFactory.instantiateUsingFactoryMethod(AbstractAutowireCapableBeanFactory.java:1352)
	at org.springframework.beans.factory.support.AbstractAutowireCapableBeanFactory.createBeanInstance(AbstractAutowireCapableBeanFactory.java:1195)
	at org.springframework.beans.factory.support.AbstractAutowireCapableBeanFactory.doCreateBean(AbstractAutowireCapableBeanFactory.java:582)
	at org.springframework.beans.factory.support.AbstractAutowireCapableBeanFactory.createBean(AbstractAutowireCapableBeanFactory.java:542)
	at org.springframework.beans.factory.support.AbstractBeanFactory.lambda$doGetBean$0(AbstractBeanFactory.java:335)
	at org.springframework.beans.factory.support.DefaultSingletonBeanRegistry.getSingleton(DefaultSingletonBeanRegistry.java:234)
	at org.springframework.beans.factory.support.AbstractBeanFactory.doGetBean(AbstractBeanFactory.java:333)
	at org.springframework.beans.factory.support.AbstractBeanFactory.getBean(AbstractBeanFactory.java:208)
	at org.springframework.beans.factory.support.DefaultListableBeanFactory.preInstantiateSingletons(DefaultListableBeanFactory.java:955)
	at org.springframework.context.support.AbstractApplicationContext.finishBeanFactoryInitialization(AbstractApplicationContext.java:918)
	at org.springframework.context.support.AbstractApplicationContext.refresh(AbstractApplicationContext.java:583)
	at org.springframework.boot.web.servlet.context.ServletWebServerApplicationContext.refresh(ServletWebServerApplicationContext.java:145)
	at org.springframework.boot.SpringApplication.refresh(SpringApplication.java:745)
	at org.springframework.boot.SpringApplication.refreshContext(SpringApplication.java:420)
	at org.springframework.boot.SpringApplication.run(SpringApplication.java:307)
	at org.springframework.boot.SpringApplication.run(SpringApplication.java:1317)
	at org.springframework.boot.SpringApplication.run(SpringApplication.java:1306)
	at com.onepiece.xmz.types.Application.main(Application.java:18)
Caused by: org.springframework.beans.BeanInstantiationException: Failed to instantiate [com.zaxxer.hikari.HikariDataSource]: Factory method 'dataSource' threw exception; nested exception is java.lang.IllegalStateException: Cannot load driver class: com.mysql.cj.jdbc.Driver
	at org.springframework.beans.factory.support.SimpleInstantiationStrategy.instantiate(SimpleInstantiationStrategy.java:185)
	at org.springframework.beans.factory.support.ConstructorResolver.instantiate(ConstructorResolver.java:653)
	... 19 common frames omitted
Caused by: java.lang.IllegalStateException: Cannot load driver class: com.mysql.cj.jdbc.Driver
	at org.springframework.util.Assert.state(Assert.java:97)
	at org.springframework.boot.autoconfigure.jdbc.DataSourceProperties.determineDriverClassName(DataSourceProperties.java:241)
	at org.springframework.boot.autoconfigure.jdbc.DataSourceProperties.initializeDataSourceBuilder(DataSourceProperties.java:193)
	at org.springframework.boot.autoconfigure.jdbc.DataSourceConfiguration.createDataSource(DataSourceConfiguration.java:48)
	at org.springframework.boot.autoconfigure.jdbc.DataSourceConfiguration$Hikari.dataSource(DataSourceConfiguration.java:90)
	at sun.reflect.NativeMethodAccessorImpl.invoke0(Native Method)
	at sun.reflect.NativeMethodAccessorImpl.invoke(NativeMethodAccessorImpl.java:62)
	at sun.reflect.DelegatingMethodAccessorImpl.invoke(DelegatingMethodAccessorImpl.java:43)
	at java.lang.reflect.Method.invoke(Method.java:498)
	at org.springframework.beans.factory.support.SimpleInstantiationStrategy.instantiate(SimpleInstantiationStrategy.java:154)
	... 20 common frames omitted
25-04-23.17:36:56.095 [main            ] INFO  Application            - Starting Application using Java 1.8.0_411 on DESKTOP-BPOGC9G with PID 22380 (D:\xmz\onepiece-backend\onepiece\onepiece-app\target\classes started by Administrator in D:\xmz\onepiece-backend\onepiece)
25-04-23.17:36:56.098 [main            ] INFO  Application            - The following 1 profile is active: "dev"
25-04-23.17:36:57.341 [main            ] INFO  TomcatWebServer        - Tomcat initialized with port(s): 8181 (http)
25-04-23.17:36:57.352 [main            ] INFO  Http11NioProtocol      - Initializing ProtocolHandler ["http-nio-8181"]
25-04-23.17:36:57.353 [main            ] INFO  StandardService        - Starting service [Tomcat]
25-04-23.17:36:57.353 [main            ] INFO  StandardEngine         - Starting Servlet engine: [Apache Tomcat/9.0.68]
25-04-23.17:36:57.532 [main            ] INFO  [/]                    - Initializing Spring embedded WebApplicationContext
25-04-23.17:36:57.533 [main            ] INFO  ServletWebServerApplicationContext - Root WebApplicationContext: initialization completed in 1370 ms
25-04-23.17:36:58.490 [main            ] INFO  Http11NioProtocol      - Starting ProtocolHandler ["http-nio-8181"]
25-04-23.17:36:58.533 [main            ] INFO  TomcatWebServer        - Tomcat started on port(s): 8181 (http) with context path ''
25-04-23.17:36:58.546 [main            ] INFO  Application            - Started Application in 3.361 seconds (JVM running for 4.686)
25-04-23.21:54:33.460 [main            ] INFO  Application            - Starting Application using Java 1.8.0_411 on DESKTOP-BPOGC9G with PID 25916 (D:\xmz\onepiece-backend\onepiece\onepiece-app\target\classes started by Administrator in D:\xmz\onepiece-backend\onepiece)
25-04-23.21:54:33.463 [main            ] INFO  Application            - The following 1 profile is active: "dev"
25-04-23.21:54:34.751 [main            ] INFO  TomcatWebServer        - Tomcat initialized with port(s): 8181 (http)
25-04-23.21:54:34.766 [main            ] INFO  Http11NioProtocol      - Initializing ProtocolHandler ["http-nio-8181"]
25-04-23.21:54:34.767 [main            ] INFO  StandardService        - Starting service [Tomcat]
25-04-23.21:54:34.767 [main            ] INFO  StandardEngine         - Starting Servlet engine: [Apache Tomcat/9.0.68]
25-04-23.21:54:34.975 [main            ] INFO  [/]                    - Initializing Spring embedded WebApplicationContext
25-04-23.21:54:34.976 [main            ] INFO  ServletWebServerApplicationContext - Root WebApplicationContext: initialization completed in 1453 ms
25-04-23.21:54:35.920 [main            ] INFO  Http11NioProtocol      - Starting ProtocolHandler ["http-nio-8181"]
25-04-23.21:54:35.959 [main            ] INFO  TomcatWebServer        - Tomcat started on port(s): 8181 (http) with context path ''
25-04-23.21:54:35.970 [main            ] INFO  Application            - Started Application in 3.441 seconds (JVM running for 4.606)
