25-04-26.00:01:21.159 [main            ] INFO  IIndexGroupBuyMarketServiceTest - Starting IIndexGroupBuyMarketServiceTest using Java 1.8.0_411 on DESKTOP-BPOGC9G with PID 31760 (started by Administrator in D:\xmz\onepiece-backend\onepiece\onepiece-app)
25-04-26.00:01:21.161 [main            ] INFO  IIndexGroupBuyMarketServiceTest - The following 1 profile is active: "dev"
25-04-26.00:01:24.704 [main            ] INFO  IIndexGroupBuyMarketServiceTest - Started IIndexGroupBuyMarketServiceTest in 4.406 seconds (JVM running for 6.556)
25-04-26.00:01:25.228 [main            ] INFO  RootNode               - 拼团商品查询试算服务-RootNode userId:xiaofuge requestParameter:{"channel":"c01","goodsId":"9890001","source":"s01","userId":"xiaofuge"}
25-04-26.00:01:25.283 [pool-2-thread-1 ] WARN  HikariConfig           - HikariPool-1 - idleTimeout has been set but has no effect because the pool is operating as a fixed size pool.
25-04-26.00:01:25.283 [pool-2-thread-1 ] INFO  HikariDataSource       - HikariPool-1 - Starting...
25-04-26.00:01:26.316 [pool-2-thread-1 ] INFO  HikariDataSource       - HikariPool-1 - Start completed.
25-04-26.00:01:26.412 [main            ] INFO  MarketNode             - 拼团商品查询试算服务-MarketNode userId:xiaofuge 异步线程加载数据「GroupBuyActivityDiscountVO、SkuVO」完成
25-04-26.00:01:26.412 [main            ] INFO  MarketNode             - 拼团商品查询试算服务-MarketNode userId:xiaofuge requestParameter:{"channel":"c01","goodsId":"9890001","source":"s01","userId":"xiaofuge"}
25-04-26.00:01:26.412 [main            ] INFO  IIndexGroupBuyMarketServiceTest - 请求参数:{"channel":"c01","goodsId":"9890001","source":"s01","userId":"xiaofuge"}
25-04-26.00:01:26.415 [main            ] INFO  IIndexGroupBuyMarketServiceTest - 返回结果:null
25-04-26.00:01:26.430 [SpringApplicationShutdownHook] INFO  HikariDataSource       - HikariPool-1 - Shutdown initiated...
25-04-26.00:01:26.531 [SpringApplicationShutdownHook] INFO  HikariDataSource       - HikariPool-1 - Shutdown completed.
25-04-26.00:02:44.368 [main            ] INFO  IIndexGroupBuyMarketServiceTest - Starting IIndexGroupBuyMarketServiceTest using Java 1.8.0_411 on DESKTOP-BPOGC9G with PID 14048 (started by Administrator in D:\xmz\onepiece-backend\onepiece\onepiece-app)
25-04-26.00:02:44.370 [main            ] INFO  IIndexGroupBuyMarketServiceTest - The following 1 profile is active: "dev"
25-04-26.00:02:48.376 [main            ] INFO  IIndexGroupBuyMarketServiceTest - Started IIndexGroupBuyMarketServiceTest in 4.937 seconds (JVM running for 6.956)
25-04-26.00:04:38.941 [main            ] INFO  RootNode               - 拼团商品查询试算服务-RootNode userId:xiaofuge requestParameter:{"channel":"c01","goodsId":"9890001","source":"s01","userId":"xiaofuge"}
25-04-26.00:06:44.678 [pool-2-thread-1 ] WARN  HikariConfig           - HikariPool-1 - idleTimeout has been set but has no effect because the pool is operating as a fixed size pool.
25-04-26.00:06:44.679 [pool-2-thread-1 ] INFO  HikariDataSource       - HikariPool-1 - Starting...
25-04-26.00:06:46.008 [pool-2-thread-1 ] INFO  HikariDataSource       - HikariPool-1 - Start completed.
25-04-26.00:06:54.527 [main            ] INFO  MarketNode             - 拼团商品查询试算服务-MarketNode userId:xiaofuge 异步线程加载数据「GroupBuyActivityDiscountVO、SkuVO」完成
25-04-26.00:07:10.400 [main            ] INFO  MarketNode             - 拼团商品查询试算服务-MarketNode userId:xiaofuge requestParameter:{"channel":"c01","goodsId":"9890001","source":"s01","userId":"xiaofuge"}
25-04-26.00:07:54.427 [main            ] INFO  IIndexGroupBuyMarketServiceTest - 请求参数:{"channel":"c01","goodsId":"9890001","source":"s01","userId":"xiaofuge"}
25-04-26.00:07:58.107 [main            ] INFO  IIndexGroupBuyMarketServiceTest - 返回结果:null
25-04-26.00:07:58.128 [SpringApplicationShutdownHook] INFO  HikariDataSource       - HikariPool-1 - Shutdown initiated...
25-04-26.00:07:58.444 [SpringApplicationShutdownHook] INFO  HikariDataSource       - HikariPool-1 - Shutdown completed.
25-04-26.00:17:30.668 [main            ] INFO  IIndexGroupBuyMarketServiceTest - Starting IIndexGroupBuyMarketServiceTest using Java 1.8.0_411 on DESKTOP-BPOGC9G with PID 15800 (started by Administrator in D:\xmz\onepiece-backend\onepiece\onepiece-app)
25-04-26.00:17:30.670 [main            ] INFO  IIndexGroupBuyMarketServiceTest - The following 1 profile is active: "dev"
25-04-26.00:17:34.866 [main            ] INFO  IIndexGroupBuyMarketServiceTest - Started IIndexGroupBuyMarketServiceTest in 5.333 seconds (JVM running for 7.59)
25-04-26.00:19:40.486 [main            ] INFO  RootNode               - 拼团商品查询试算服务-RootNode userId:xiaofuge requestParameter:{"channel":"c01","goodsId":"9890001","source":"s01","userId":"xiaofuge"}
25-04-26.00:30:22.315 [pool-2-thread-2 ] WARN  HikariConfig           - HikariPool-1 - idleTimeout has been set but has no effect because the pool is operating as a fixed size pool.
25-04-26.00:30:22.316 [pool-2-thread-2 ] INFO  HikariDataSource       - HikariPool-1 - Starting...
25-04-26.00:30:23.465 [pool-2-thread-2 ] INFO  HikariDataSource       - HikariPool-1 - Start completed.
25-04-26.00:31:20.351 [HikariPool-1 housekeeper] WARN  HikariPool             - HikariPool-1 - Thread starvation or clock leap detected (housekeeper delta=56s773ms703µs100ns).
25-04-26.00:31:21.504 [main            ] INFO  MarketNode             - 拼团商品查询试算服务-MarketNode userId:xiaofuge 异步线程加载数据「GroupBuyActivityDiscountVO、SkuVO」完成
25-04-26.00:31:50.043 [main            ] INFO  MarketNode             - 拼团商品查询试算服务-MarketNode userId:xiaofuge requestParameter:{"channel":"c01","goodsId":"9890001","source":"s01","userId":"xiaofuge"}
25-04-26.00:32:11.542 [HikariPool-1 housekeeper] WARN  HikariPool             - HikariPool-1 - Thread starvation or clock leap detected (housekeeper delta=51s191ms668µs600ns).
25-04-26.00:35:18.061 [HikariPool-1 housekeeper] WARN  HikariPool             - HikariPool-1 - Thread starvation or clock leap detected (housekeeper delta=3m6s518ms982µs400ns).
25-04-26.00:36:27.826 [HikariPool-1 housekeeper] WARN  HikariPool             - HikariPool-1 - Thread starvation or clock leap detected (housekeeper delta=1m9s764ms588µs).
25-04-26.01:43:11.516 [HikariPool-1 housekeeper] WARN  HikariPool             - HikariPool-1 - Thread starvation or clock leap detected (housekeeper delta=1h6m43s687ms386µs200ns).
25-04-26.01:43:11.534 [main            ] INFO  IIndexGroupBuyMarketServiceTest - 请求参数:{"channel":"c01","goodsId":"9890001","source":"s01","userId":"xiaofuge"}
25-04-26.01:43:11.567 [main            ] INFO  IIndexGroupBuyMarketServiceTest - 返回结果:null
25-04-26.01:43:11.712 [SpringApplicationShutdownHook] INFO  HikariDataSource       - HikariPool-1 - Shutdown initiated...
25-04-26.01:43:21.835 [SpringApplicationShutdownHook] INFO  HikariDataSource       - HikariPool-1 - Shutdown completed.
25-04-26.01:43:26.861 [main            ] INFO  IIndexGroupBuyMarketServiceTest - Starting IIndexGroupBuyMarketServiceTest using Java 1.8.0_411 on DESKTOP-BPOGC9G with PID 25772 (started by Administrator in D:\xmz\onepiece-backend\onepiece\onepiece-app)
25-04-26.01:43:26.862 [main            ] INFO  IIndexGroupBuyMarketServiceTest - The following 1 profile is active: "dev"
25-04-26.01:43:30.154 [main            ] INFO  IIndexGroupBuyMarketServiceTest - Started IIndexGroupBuyMarketServiceTest in 4.025 seconds (JVM running for 5.355)
25-04-26.01:43:30.701 [main            ] INFO  RootNode               - 拼团商品查询试算服务-RootNode userId:xiaofuge requestParameter:{"channel":"c01","goodsId":"9890001","source":"s01","userId":"xiaofuge"}
25-04-26.01:43:30.751 [pool-2-thread-1 ] WARN  HikariConfig           - HikariPool-1 - idleTimeout has been set but has no effect because the pool is operating as a fixed size pool.
25-04-26.01:43:30.751 [pool-2-thread-1 ] INFO  HikariDataSource       - HikariPool-1 - Starting...
25-04-26.01:43:31.697 [pool-2-thread-1 ] INFO  HikariDataSource       - HikariPool-1 - Start completed.
25-04-26.01:43:31.796 [main            ] INFO  MarketNode             - 拼团商品查询试算服务-MarketNode userId:xiaofuge 异步线程加载数据「GroupBuyActivityDiscountVO、SkuVO」完成
25-04-26.01:43:31.796 [main            ] INFO  MarketNode             - 拼团商品查询试算服务-MarketNode userId:xiaofuge requestParameter:{"channel":"c01","goodsId":"9890001","source":"s01","userId":"xiaofuge"}
25-04-26.01:43:31.796 [main            ] INFO  IIndexGroupBuyMarketServiceTest - 请求参数:{"channel":"c01","goodsId":"9890001","source":"s01","userId":"xiaofuge"}
25-04-26.01:43:31.799 [main            ] INFO  IIndexGroupBuyMarketServiceTest - 返回结果:null
25-04-26.01:43:31.813 [SpringApplicationShutdownHook] INFO  HikariDataSource       - HikariPool-1 - Shutdown initiated...
25-04-26.01:43:31.835 [SpringApplicationShutdownHook] INFO  HikariDataSource       - HikariPool-1 - Shutdown completed.
